usage: main.py [-h] [--data_path DATA_PATH]
               [--dataset {MiniImageNet,TieredImageNet,CUB,OmniglotDataset}]
               [--distance DISTANCE] [--train_way TRAIN_WAY]
               [--val_way VAL_WAY] [--test_way TEST_WAY]
               [--train_shot TRAIN_SHOT] [--val_shot VAL_SHOT]
               [--test_shot TEST_SHOT] [--train_query TRAIN_QUERY]
               [--val_query VAL_QUERY] [--test_query TEST_QUERY]
               [--backbone_class {ConvNet,Conv4,Conv4NP,Res12,Res18,WRN,Linear}]
               [--metric_func METRIC_FUNC] [--max_epoch MAX_EPOCH]
               [--num_tasks NUM_TASKS]
               [--episodes_per_train_epoch EPISODES_PER_TRAIN_EPOCH]
               [--episodes_per_val_epoch EPISODES_PER_VAL_EPOCH]
               [--episodes_per_test_epoch EPISODES_PER_TEST_EPOCH]
               [--drop_lr_every DROP_LR_EVERY]
               [--model_class {PretrainClassifier,MetaOptNet,MAML,MatchingNet,ProtoNet,BILSTM,DeepSet,GCN,RelationNet,FEAT,FEATSTAR,SemiFEAT,SemiProtoFEAT}]
               [--logger_filename LOGGER_FILENAME] [--temperature TEMPERATURE]
               [--loss_fn {F-cross_entropy,nn-cross_entropy,nn-nll_loss,nn-mse_loss}]
               [--metrics METRICS] [--orig_imsize ORIG_IMSIZE] [--lr LR]
               [--lr_mul LR_MUL] [--lr_scheduler {multistep,step,cosine}]
               [--step_size STEP_SIZE] [--gamma GAMMA] [--fix_BN] [--augment]
               [--gpu GPU] [--init_weights INIT_WEIGHTS] [--time_str TIME_STR]
               [--mom MOM] [--weight_decay WEIGHT_DECAY]
               [--num_workers NUM_WORKERS] [--log_interval LOG_INTERVAL]
               [--val_interval VAL_INTERVAL] [--test_interval TEST_INTERVAL]
               [--save_dir SAVE_DIR] [--model_save_path MODEL_SAVE_PATH]
               [--test_model_filepath TEST_MODEL_FILEPATH] [--verbose]
               [--epoch_verbose] [--torch_seed TORCH_SEED]
               [--cuda_seed CUDA_SEED] [--np_seed NP_SEED] [--fce]
               [--matching_lstm_layers MATCHING_LSTM_LAYERS]
               [--matching_unrolling_steps MATCHING_UNROLLING_STEPS]
               [--relation_hidden_dim RELATION_HIDDEN_DIM] [--meta]
               [--inner_train_steps INNER_TRAIN_STEPS]
               [--inner_val_steps INNER_VAL_STEPS] [--inner_lr INNER_LR]
               [--meta_lr META_LR] [--meta_batch_size META_BATCH_SIZE]
               [--order ORDER] [--pretrain_mode] [--batch_size BATCH_SIZE]
               [--simpleshot] [--simpleshot_num_nn SIMPLESHOT_NUM_NN]
               [--simpleshot_episodes_per_epoch SIMPLESHOT_EPISODES_PER_EPOCH]
               [--z_comment Z_COMMENT]
main.py: error: unrecognized arguments:  
