{'augment': False,
 'backbone_class': 'ConvNet',
 'batch_size': 16,
 'cuda_seed': 929,
 'data_path': '/mnt/data3/lus/zhangyk/data/ye',
 'dataset': 'MiniImageNet',
 'distance': 'l2',
 'drop_lr_every': 40,
 'episodes_per_test_epoch': 10000,
 'episodes_per_train_epoch': 200,
 'episodes_per_val_epoch': 200,
 'epoch_verbose': False,
 'fce': False,
 'fix_BN': False,
 'gamma': 0.5,
 'gpu': '9',
 'init_weights': None,
 'inner_lr': 0.4,
 'inner_train_steps': 1,
 'inner_val_steps': 3,
 'log_interval': 50,
 'logger_filename': '/logs',
 'loss_fn': 'nn-cross_entropy',
 'lr': 0.001,
 'lr_mul': 10.0,
 'lr_scheduler': 'step',
 'matching_lstm_layers': 1,
 'matching_unrolling_steps': 2,
 'max_epoch': 200,
 'meta': False,
 'meta_batch_size': 1,
 'meta_lr': 0.001,
 'metric_func': 'categorical_accuracy',
 'metrics': 'categorical_accuracy',
 'model_class': 'ProtoNet',
 'model_filepath': '/mnt/data3/lus/zhangyk/models/ProtoNet/0223 09-26-26-693 '
                   'ProtoNet MiniImageNet ConvNet-backbone l2 '
                   '5-5-15_train-w-s-q 5-5-15_val-w-s-q 5-5-15_test-w-s-q.pth',
 'model_filepath_test_best': '/mnt/data3/lus/zhangyk/models/ProtoNet/test_best/0223 '
                             '09-26-26-693 ProtoNet MiniImageNet '
                             'ConvNet-backbone l2 5-5-15_train-w-s-q '
                             '5-5-15_val-w-s-q 5-5-15_test-w-s-q.pth',
 'model_save_path': '/mnt/data3/lus/zhangyk/models',
 'mom': 0.9,
 'np_seed': 929,
 'num_input_channels': 3,
 'num_tasks': 4,
 'num_workers': 4,
 'order': 1,
 'orig_imsize': -1,
 'params_str': '0223 09-26-26-693 ProtoNet MiniImageNet ConvNet-backbone l2 '
               '5-5-15_train-w-s-q 5-5-15_val-w-s-q 5-5-15_test-w-s-q',
 'pretrain_mode': False,
 'relation_hidden_dim': 8,
 'save_dir': './checkpoints',
 'simpleshot': False,
 'simpleshot_episodes_per_epoch': 100,
 'simpleshot_num_nn': 1,
 'step_size': '90',
 'temperature': 64.0,
 'test_interval': 0,
 'test_model_filepath': None,
 'test_query': 15,
 'test_shot': 5,
 'test_way': 5,
 'time_str': '0223 09-26-26-693',
 'torch_seed': 929,
 'train_mode': True,
 'train_query': 15,
 'train_shot': 5,
 'train_way': 5,
 'val_interval': 1,
 'val_query': 15,
 'val_shot': 5,
 'val_way': 5,
 'verbose': True,
 'weight_decay': 0.0005,
 'z_comment': 'Here are some comments for the current training process.'}
Begin training...
